d:\study\vsstm32\st_link\led\led\visualgdb\debug\core_cm3.o
d:\study\vsstm32\st_link\led\led\visualgdb\debug\delay.o
d:\study\vsstm32\st_link\led\led\visualgdb\debug\led.o
d:\study\vsstm32\st_link\led\led\visualgdb\debug\ledblink.o
d:\study\vsstm32\st_link\led\led\visualgdb\debug\misc.o
d:\study\vsstm32\st_link\led\led\visualgdb\debug\nb.o
d:\study\vsstm32\st_link\led\led\visualgdb\debug\retarget.o
d:\study\vsstm32\st_link\led\led\visualgdb\debug\startup_stm32f103xb.o
d:\study\vsstm32\st_link\led\led\visualgdb\debug\stm32f10x_adc.o
d:\study\vsstm32\st_link\led\led\visualgdb\debug\stm32f10x_bkp.o
d:\study\vsstm32\st_link\led\led\visualgdb\debug\stm32f10x_can.o
d:\study\vsstm32\st_link\led\led\visualgdb\debug\stm32f10x_cec.o
d:\study\vsstm32\st_link\led\led\visualgdb\debug\stm32f10x_crc.o
d:\study\vsstm32\st_link\led\led\visualgdb\debug\stm32f10x_dac.o
d:\study\vsstm32\st_link\led\led\visualgdb\debug\stm32f10x_dbgmcu.o
d:\study\vsstm32\st_link\led\led\visualgdb\debug\stm32f10x_dma.o
d:\study\vsstm32\st_link\led\led\visualgdb\debug\stm32f10x_exti.o
d:\study\vsstm32\st_link\led\led\visualgdb\debug\stm32f10x_flash.o
d:\study\vsstm32\st_link\led\led\visualgdb\debug\stm32f10x_fsmc.o
d:\study\vsstm32\st_link\led\led\visualgdb\debug\stm32f10x_gpio.o
d:\study\vsstm32\st_link\led\led\visualgdb\debug\stm32f10x_i2c.o
d:\study\vsstm32\st_link\led\led\visualgdb\debug\stm32f10x_iwdg.o
d:\study\vsstm32\st_link\led\led\visualgdb\debug\stm32f10x_pwr.o
d:\study\vsstm32\st_link\led\led\visualgdb\debug\stm32f10x_rcc.o
d:\study\vsstm32\st_link\led\led\visualgdb\debug\stm32f10x_rtc.o
d:\study\vsstm32\st_link\led\led\visualgdb\debug\stm32f10x_sdio.o
d:\study\vsstm32\st_link\led\led\visualgdb\debug\stm32f10x_spi.o
d:\study\vsstm32\st_link\led\led\visualgdb\debug\stm32f10x_tim.o
d:\study\vsstm32\st_link\led\led\visualgdb\debug\stm32f10x_usart.o
d:\study\vsstm32\st_link\led\led\visualgdb\debug\stm32f10x_wwdg.o
d:\study\vsstm32\st_link\led\led\visualgdb\debug\sys.o
d:\study\vsstm32\st_link\led\led\visualgdb\debug\system_stm32f10x.o
d:\study\vsstm32\st_link\led\led\visualgdb\debug\timer.o
d:\study\vsstm32\st_link\led\led\visualgdb\debug\uart.o
d:\study\vsstm32\st_link\led\led\visualgdb\debug\usart.o
d:\study\vsstm32\st_link\led\led\visualgdb\debug\core_cm3.dep
d:\study\vsstm32\st_link\led\led\visualgdb\debug\delay.dep
d:\study\vsstm32\st_link\led\led\visualgdb\debug\led.dep
d:\study\vsstm32\st_link\led\led\visualgdb\debug\ledblink.dep
d:\study\vsstm32\st_link\led\led\visualgdb\debug\misc.dep
d:\study\vsstm32\st_link\led\led\visualgdb\debug\nb.dep
d:\study\vsstm32\st_link\led\led\visualgdb\debug\retarget.dep
d:\study\vsstm32\st_link\led\led\visualgdb\debug\startup_stm32f103xb.dep
d:\study\vsstm32\st_link\led\led\visualgdb\debug\stm32f10x_adc.dep
d:\study\vsstm32\st_link\led\led\visualgdb\debug\stm32f10x_bkp.dep
d:\study\vsstm32\st_link\led\led\visualgdb\debug\stm32f10x_can.dep
d:\study\vsstm32\st_link\led\led\visualgdb\debug\stm32f10x_cec.dep
d:\study\vsstm32\st_link\led\led\visualgdb\debug\stm32f10x_crc.dep
d:\study\vsstm32\st_link\led\led\visualgdb\debug\stm32f10x_dac.dep
d:\study\vsstm32\st_link\led\led\visualgdb\debug\stm32f10x_dbgmcu.dep
d:\study\vsstm32\st_link\led\led\visualgdb\debug\stm32f10x_dma.dep
d:\study\vsstm32\st_link\led\led\visualgdb\debug\stm32f10x_exti.dep
d:\study\vsstm32\st_link\led\led\visualgdb\debug\stm32f10x_flash.dep
d:\study\vsstm32\st_link\led\led\visualgdb\debug\stm32f10x_fsmc.dep
d:\study\vsstm32\st_link\led\led\visualgdb\debug\stm32f10x_gpio.dep
d:\study\vsstm32\st_link\led\led\visualgdb\debug\stm32f10x_i2c.dep
d:\study\vsstm32\st_link\led\led\visualgdb\debug\stm32f10x_iwdg.dep
d:\study\vsstm32\st_link\led\led\visualgdb\debug\stm32f10x_pwr.dep
d:\study\vsstm32\st_link\led\led\visualgdb\debug\stm32f10x_rcc.dep
d:\study\vsstm32\st_link\led\led\visualgdb\debug\stm32f10x_rtc.dep
d:\study\vsstm32\st_link\led\led\visualgdb\debug\stm32f10x_sdio.dep
d:\study\vsstm32\st_link\led\led\visualgdb\debug\stm32f10x_spi.dep
d:\study\vsstm32\st_link\led\led\visualgdb\debug\stm32f10x_tim.dep
d:\study\vsstm32\st_link\led\led\visualgdb\debug\stm32f10x_usart.dep
d:\study\vsstm32\st_link\led\led\visualgdb\debug\stm32f10x_wwdg.dep
d:\study\vsstm32\st_link\led\led\visualgdb\debug\sys.dep
d:\study\vsstm32\st_link\led\led\visualgdb\debug\system_stm32f10x.dep
d:\study\vsstm32\st_link\led\led\visualgdb\debug\timer.dep
d:\study\vsstm32\st_link\led\led\visualgdb\debug\uart.dep
d:\study\vsstm32\st_link\led\led\visualgdb\debug\usart.dep
d:\study\vsstm32\st_link\led\led\visualgdb\debug\core_cm3.gcc.rsp
d:\study\vsstm32\st_link\led\led\visualgdb\debug\delay.gcc.rsp
d:\study\vsstm32\st_link\led\led\visualgdb\debug\led.gcc.rsp
d:\study\vsstm32\st_link\led\led\visualgdb\debug\ledblink.gcc.rsp
d:\study\vsstm32\st_link\led\led\visualgdb\debug\misc.gcc.rsp
d:\study\vsstm32\st_link\led\led\visualgdb\debug\nb.gcc.rsp
d:\study\vsstm32\st_link\led\led\visualgdb\debug\retarget.gcc.rsp
d:\study\vsstm32\st_link\led\led\visualgdb\debug\startup_stm32f103xb.gcc.rsp
d:\study\vsstm32\st_link\led\led\visualgdb\debug\stm32f10x_adc.gcc.rsp
d:\study\vsstm32\st_link\led\led\visualgdb\debug\stm32f10x_bkp.gcc.rsp
d:\study\vsstm32\st_link\led\led\visualgdb\debug\stm32f10x_can.gcc.rsp
d:\study\vsstm32\st_link\led\led\visualgdb\debug\stm32f10x_cec.gcc.rsp
d:\study\vsstm32\st_link\led\led\visualgdb\debug\stm32f10x_crc.gcc.rsp
d:\study\vsstm32\st_link\led\led\visualgdb\debug\stm32f10x_dac.gcc.rsp
d:\study\vsstm32\st_link\led\led\visualgdb\debug\stm32f10x_dbgmcu.gcc.rsp
d:\study\vsstm32\st_link\led\led\visualgdb\debug\stm32f10x_dma.gcc.rsp
d:\study\vsstm32\st_link\led\led\visualgdb\debug\stm32f10x_exti.gcc.rsp
d:\study\vsstm32\st_link\led\led\visualgdb\debug\stm32f10x_flash.gcc.rsp
d:\study\vsstm32\st_link\led\led\visualgdb\debug\stm32f10x_fsmc.gcc.rsp
d:\study\vsstm32\st_link\led\led\visualgdb\debug\stm32f10x_gpio.gcc.rsp
d:\study\vsstm32\st_link\led\led\visualgdb\debug\stm32f10x_i2c.gcc.rsp
d:\study\vsstm32\st_link\led\led\visualgdb\debug\stm32f10x_iwdg.gcc.rsp
d:\study\vsstm32\st_link\led\led\visualgdb\debug\stm32f10x_pwr.gcc.rsp
d:\study\vsstm32\st_link\led\led\visualgdb\debug\stm32f10x_rcc.gcc.rsp
d:\study\vsstm32\st_link\led\led\visualgdb\debug\stm32f10x_rtc.gcc.rsp
d:\study\vsstm32\st_link\led\led\visualgdb\debug\stm32f10x_sdio.gcc.rsp
d:\study\vsstm32\st_link\led\led\visualgdb\debug\stm32f10x_spi.gcc.rsp
d:\study\vsstm32\st_link\led\led\visualgdb\debug\stm32f10x_tim.gcc.rsp
d:\study\vsstm32\st_link\led\led\visualgdb\debug\stm32f10x_usart.gcc.rsp
d:\study\vsstm32\st_link\led\led\visualgdb\debug\stm32f10x_wwdg.gcc.rsp
d:\study\vsstm32\st_link\led\led\visualgdb\debug\sys.gcc.rsp
d:\study\vsstm32\st_link\led\led\visualgdb\debug\system_stm32f10x.gcc.rsp
d:\study\vsstm32\st_link\led\led\visualgdb\debug\timer.gcc.rsp
d:\study\vsstm32\st_link\led\led\visualgdb\debug\uart.gcc.rsp
d:\study\vsstm32\st_link\led\led\visualgdb\debug\usart.gcc.rsp
d:\study\vsstm32\st_link\led\led\visualgdb\debug\led.alldeps
